<?xml version="1.0" encoding="utf-8"?>
<!DOCTYPE hibernate-configuration PUBLIC
	"-//Hibernate/Hibernate Configuration DTD 3.0//EN"
	"http://hibernate.sourceforge.net/hibernate-configuration-3.0.dtd">

<hibernate-configuration>
	<session-factory>
		<mapping resource="GetEncounterLog.hbm.xml" />
		<mapping resource="MatchingEncounters.hbm.xml" />
		<mapping resource="PostEncounterLog.hbm.xml" />
		<mapping resource="PatientMergeRecord.hbm.xml" />
		<mapping resource="PatientRestoreRecord.hbm.xml" />
		<mapping resource="MergedDataObject.hbm.xml" />
		<mapping resource="RestoredDataObject.hbm.xml" />
	</session-factory>
</hibernate-configuration>
